Jan 16, 2024 22:30:01.709 [0x3ef0e420] INFO - Plex Tuner Service v1.0.0.0 - unknown PC unknown - build: 
Jan 16, 2024 22:30:01.718 [0x3ef0e420] INFO - Linux version: 6.5.11-linuxkit (#1 SMP PREEMPT Wed Dec  6 17:08:31 UTC 2023), language: en-US
Jan 16, 2024 22:30:01.720 [0x3ef0e420] INFO - Processor Arm
Jan 16, 2024 22:30:01.720 [0x3ef0e420] INFO - /usr/lib/plexmediaserver/Plex Tuner Service /usr/lib/plexmediaserver/Resources/Tuner/Private /usr/lib/plexmediaserver/Resources/Tuner/Shared 1.14.1.5488-cc260c476 32600 /waitmutex
Jan 16, 2024 22:30:01.655 [0x3f0b5210] INFO - [I] broker_t::start...
Jan 16, 2024 22:30:01.728 [0x3f0b5210] INFO - [I] device_manager_t::init.
Jan 16, 2024 22:30:01.728 [0x3f0b5210] INFO - [I] device_manager_t::init. Initialize provider manager
Jan 16, 2024 22:30:01.729 [0x3f0b5210] INFO - [I] device_manager_t::init. Initialize all device auxes
Jan 16, 2024 22:30:01.729 [0x3f0b5210] INFO - [I] dvb_device_factory_t::get_aux_list
Jan 16, 2024 22:30:01.731 [0x3f0b5210] INFO - [I] tvbutler_aux_t::init
Jan 16, 2024 22:30:01.745 [0x3f0b5210] INFO - [I] web_server_t::start. Starting web server on port 32600
Jan 16, 2024 22:30:04.398 [0x3c5fb420] INFO - [I] web_service_t::process_device_discovery
Jan 16, 2024 22:30:04.399 [0x3c5fb420] INFO - [I] device_reactor_t::get_device_list ()
Jan 16, 2024 22:30:04.400 [0x3c5fb420] INFO - [I] dvb_device_factory_t::get_device_list ()
Jan 16, 2024 22:30:06.423 [0x3c5fb420] INFO - [I] SAT2IP - discover_satip_servers(): no servers found
Jan 16, 2024 22:30:06.828 [0x3c5fb420] INFO - [I] v4l::DeviceGetList_impl. getting v4l device list
Jan 16, 2024 22:30:06.836 [0x3c5fb420] INFO - [I] onetv_factory::DeviceGetListEx >>
Jan 16, 2024 22:30:06.839 [0x3c5fb420] WARN - [W] onetv_factory::DeviceGetListEx. libusb_init returned an error -99
Jan 16, 2024 22:37:34.007 [0x3f0b5210] INFO - [I] Received SIGTERM: Software termination signal.
Jan 16, 2024 22:37:34.011 [0x3f0b5210] DEBUG - Unable to lock named mutex F8EEB26D-AB23-4061-8250-130AB5285A4A: Interrupted system call
Jan 16, 2024 22:37:34.013 [0x3f0b5210] INFO - [I] device_manager_t::term
Jan 16, 2024 22:37:34.013 [0x3f0b5210] INFO - [I] device_manager_t::term. Stop all devices
Jan 16, 2024 22:37:34.013 [0x3f0b5210] INFO - [I] device_manager_t::term. Shut down all device auxes
Jan 16, 2024 22:37:34.014 [0x3f0b5210] INFO - [I] tvbutler_aux_t::term
Jan 16, 2024 22:37:34.021 [0x3f0b5210] INFO - [I] web_server_t::stop. Web server is stopped
Jan 16, 2024 22:37:34.022 [0x3f0b5210] INFO - [I] device_manager_t::term
Jan 16, 2024 22:37:34.022 [0x3f0b5210] INFO - [I] device_manager_t::term. Stop all devices
Jan 16, 2024 22:37:34.022 [0x3f0b5210] INFO - [I] device_manager_t::term. Shut down all device auxes
Jan 16, 2024 22:37:34.024 [0x3f0b5210] INFO - [I] broker_t::shutdown. Shutdown is completed.
