2024-01-17 13:54:06,554 (3fa56010) :  INFO (core:349) - Starting framework core - Version: 2.6.3, Build: cc260c4 (Fri Dec 14 20:14:21 UTC 2018)
2024-01-17 13:54:06,557 (3fa56010) :  DEBUG (core:361) - Using the elevated policy
2024-01-17 13:54:06,558 (3fa56010) :  DEBUG (core:365) - Extending whitelist: ['cgi', 'tempfile']
2024-01-17 13:54:06,559 (3fa56010) :  DEBUG (core:450) - Starting runtime component.
2024-01-17 13:54:06,578 (3fa56010) :  DEBUG (core:450) - Starting caching component.
2024-01-17 13:54:06,579 (3fa56010) :  DEBUG (core:450) - Starting data component.
2024-01-17 13:54:06,580 (3fa56010) :  DEBUG (core:450) - Starting networking component.
2024-01-17 13:54:06,582 (3fa56010) :  DEBUG (networking:284) - Loaded HTTP cookies
2024-01-17 13:54:06,583 (3fa56010) :  DEBUG (networking:452) - Setting the default network timeout to 20.0
2024-01-17 13:54:06,586 (3fa56010) :  DEBUG (core:450) - Starting localization component.
2024-01-17 13:54:06,587 (3fa56010) :  INFO (localization:409) - Setting the default locale to en-us
2024-01-17 13:54:06,588 (3fa56010) :  DEBUG (localization:427) - Loaded en strings
2024-01-17 13:54:06,588 (3fa56010) :  DEBUG (core:450) - Starting messaging component.
2024-01-17 13:54:06,589 (3fa56010) :  DEBUG (core:450) - Starting debugging component.
2024-01-17 13:54:06,589 (3fa56010) :  DEBUG (core:450) - Starting services component.
2024-01-17 13:54:06,590 (3fa56010) :  DEBUG (core:450) - Starting myplex component.
2024-01-17 13:54:06,590 (3fa56010) :  DEBUG (core:450) - Starting notifications component.
2024-01-17 13:54:06,971 (3fa56010) :  DEBUG (accessor:68) - Creating a new model access point for provider com.plexapp.system in namespace 'metadata'
2024-01-17 13:54:07,009 (3fa56010) :  DEBUG (runtime:1117) - Created a thread named 'load_all_services'
2024-01-17 13:54:07,009 (391ff460) :  DEBUG (services:265) - Plug-in is not daemonized - loading services from system
2024-01-17 13:54:07,016 (3fa56010) :  DEBUG (runtime:1117) - Created a thread named 'get_server_info'
2024-01-17 13:54:07,017 (37dff460) :  DEBUG (networking:166) - Requesting 'http://127.0.0.1:32400'
2024-01-17 13:54:07,018 (391ff460) :  DEBUG (networking:166) - Requesting 'http://127.0.0.1:32400/:/plugins/com.plexapp.system/messaging/function/X0J1bmRsZVNlcnZpY2U6QWxsU2VydmljZXM_/Y2VyZWFsMQoxCmxpc3QKMApyMAo_/Y2VyZWFsMQoxCmRpY3QKMApyMAo_'
2024-01-17 13:54:07,018 (3fa56010) :  DEBUG (core:150) - Finished starting framework core
2024-01-17 13:54:07,024 (3fa56010) :  DEBUG (core:560) - Loading plug-in code
2024-01-17 13:54:07,091 (3fa56010) :  DEBUG (core:566) - Finished loading plug-in code
2024-01-17 13:54:07,091 (3fa56010) :  DEBUG (runtime:640) - Adding a prefix handler for 'System' ('/system')
2024-01-17 13:54:10,226 (3fa56010) :  INFO (__init__:40) - Starting System cc260c4 (Fri Dec 14 20:14:21 UTC 2018)
2024-01-17 13:54:10,227 (3fa56010) :  DEBUG (runtime:640) - Adding a prefix handler for 'Player' ('/player')
2024-01-17 13:54:10,249 (3fa56010) :  INFO (datakit:93) - Loaded the dictionary file
2024-01-17 13:54:10,251 (3fa56010) :  DEBUG (agentservice:48) - Starting the agent service
2024-01-17 13:54:10,657 (3fa56010) :  DEBUG (accessor:68) - Creating a new model access point for provider com.plexapp.system in namespace 'metadata'
2024-01-17 13:54:10,685 (3fa56010) :  DEBUG (bundleservice:69) - Starting the bundle service
2024-01-17 13:54:10,688 (3fa56010) :  DEBUG (runtime:1117) - Created a thread named 'start'
2024-01-17 13:54:10,690 (3fa56010) :  DEBUG (helpservice:14) - Starting the help service
2024-01-17 13:54:10,691 (3fa56010) :  DEBUG (storeservice:198) - Starting the store service
2024-01-17 13:54:10,697 (35aff460) :  DEBUG (runtime:1117) - Created a thread named 'ensure_agent_info_exists_inner'
2024-01-17 13:54:10,708 (3fa56010) :  DEBUG (runtime:1117) - Created a thread named 'start'
2024-01-17 13:54:10,709 (3fa56010) :  DEBUG (installservice:30) - Starting the install service
2024-01-17 13:54:10,710 (350ff460) :  DEBUG (networking:166) - Requesting 'http://127.0.0.1:32400'
2024-01-17 13:54:10,719 (35aff460) :  DEBUG (runtime:1117) - Created a thread named 'ensure_agent_info_exists_inner'
2024-01-17 13:54:10,724 (35aff460) :  DEBUG (runtime:1117) - Created a thread named 'ensure_agent_info_exists_inner'
2024-01-17 13:54:10,730 (3fa56010) :  DEBUG (playerservice:12) - Starting the player service
2024-01-17 13:54:10,732 (3fa56010) :  DEBUG (flagservice:13) - Starting the media flag service
2024-01-17 13:54:10,737 (35aff460) :  DEBUG (runtime:1117) - Created a thread named 'ensure_agent_info_exists_inner'
2024-01-17 13:54:10,737 (3fa56010) :  DEBUG (runtime:1117) - Created a thread named 'start'
2024-01-17 13:54:10,738 (3fa56010) :  DEBUG (peerservice:141) - Starting the peer service
2024-01-17 13:54:10,742 (35aff460) :  DEBUG (runtime:1117) - Created a thread named 'ensure_agent_info_exists_inner'
2024-01-17 13:54:10,747 (3fa56010) :  DEBUG (runtime:1117) - Created a thread named 'refresh_servers'
2024-01-17 13:54:10,748 (33cff460) :  DEBUG (peerservice:164) - Fetching the current list of servers
2024-01-17 13:54:10,751 (3fa56010) :  DEBUG (runtime:1150) - Scheduled a timed thread named 'refresh_servers'
2024-01-17 13:54:10,754 (3fa56010) :  DEBUG (streamservice:18) - Starting the stream service
2024-01-17 13:54:10,754 (33cff460) :  DEBUG (networking:166) - Requesting 'http://127.0.0.1:32400/servers'
2024-01-17 13:54:10,758 (3fa56010) :  CRITICAL (runtime:709) - Private handlers are no longer supported; couldn't register <bound method StreamService.token_handler of <streamservice.StreamService object at 0x36f13b50>>
2024-01-17 13:54:10,759 (35aff460) :  DEBUG (runtime:1117) - Created a thread named 'ensure_agent_info_exists_inner'
2024-01-17 13:54:10,762 (3fa56010) :  DEBUG (runtime:1150) - Scheduled a timed thread named 'invalidation_timer'
2024-01-17 13:54:10,764 (3fa56010) :  DEBUG (proxyservice:12) - Starting the proxy service
2024-01-17 13:54:10,774 (35aff460) :  DEBUG (runtime:1117) - Created a thread named 'ensure_agent_info_exists_inner'
2024-01-17 13:54:10,775 (3fa56010) :  DEBUG (runtime:1117) - Created a thread named 'update_attribution_flags_inner'
2024-01-17 13:54:10,776 (3fa56010) :  INFO (core:611) - Started plug-in
2024-01-17 13:54:10,777 (3fa56010) :  DEBUG (socketinterface:160) - Starting socket server
2024-01-17 13:54:10,780 (35aff460) :  DEBUG (runtime:1117) - Created a thread named 'ensure_agent_info_exists_inner'
2024-01-17 13:54:10,786 (35aff460) :  DEBUG (runtime:1117) - Created a thread named 'ensure_agent_info_exists_inner'
2024-01-17 13:54:10,789 (3fa56010) :  DEBUG (runtime:1117) - Created a thread named 'start'
2024-01-17 13:54:10,791 (3fa56010) :  INFO (socketinterface:184) - Socket server started on port 37399
2024-01-17 13:54:10,792 (3fa56010) :  INFO (pipeinterface:25) - Entering run loop
2024-01-17 13:54:10,795 (3fa56010) :  DEBUG (runtime:717) - Handling request GET /:/prefixes
2024-01-17 13:54:10,796 (35aff460) :  DEBUG (runtime:1117) - Created a thread named 'ensure_agent_info_exists_inner'
2024-01-17 13:54:10,802 (3fa56010) :  DEBUG (runtime:814) - Found route matching /:/prefixes
2024-01-17 13:54:10,811 (3fa56010) :  DEBUG (runtime:924) - Response: [200] MediaContainer, 486 bytes
2024-01-17 13:54:10,815 (35aff460) :  DEBUG (runtime:1117) - Created a thread named 'ensure_agent_info_exists_inner'
2024-01-17 13:54:10,819 (35aff460) :  DEBUG (runtime:1117) - Created a thread named 'ensure_agent_info_exists_inner'
2024-01-17 13:54:10,822 (35aff460) :  DEBUG (runtime:1117) - Created a thread named 'ensure_agent_info_exists_inner'
2024-01-17 13:54:10,826 (35aff460) :  DEBUG (runtime:1117) - Created a thread named 'remove_unavailable_agents'
2024-01-17 13:54:10,826 (35aff460) :  DEBUG (bundleservice:85) - Started the bundle service
2024-01-17 13:54:10,834 (346ff460) :  DEBUG (flagservice:46) - Started the media flag service
2024-01-17 13:54:10,840 (300ff460) :  DEBUG (runtime:717) - Handling request GET /system/agents
2024-01-17 13:54:10,878 (31eff460) :  INFO (agentservice:121) - Agent info: {'com.plexapp.agents.fanarttv': [{'media_types': ['Movie'], 'primary_provider': False, 'fallback_agent': None, 'contributes_to': ['com.plexapp.agents.imdb', 'com.plexapp.agents.themoviedb'], 'has_attribution': True, 'languages': ['xn'], 'persist_stored_files': True, 'version': 0, 'accepts_from': None, 'prefs': True, 'name': 'Fanart.tv'}, {'media_types': ['TV_Show'], 'primary_provider': False, 'fallback_agent': None, 'contributes_to': ['com.plexapp.agents.thetvdb', 'com.plexapp.agents.themoviedb'], 'has_attribution': True, 'languages': ['xn'], 'persist_stored_files': True, 'version': 0, 'accepts_from': None, 'prefs': True, 'name': 'Fanart.tv'}, {'media_types': ['Artist'], 'primary_provider': False, 'fallback_agent': None, 'contributes_to': ['com.plexapp.agents.lastfm'], 'has_attribution': True, 'languages': ['xn'], 'persist_stored_files': True, 'version': 0, 'accepts_from': None, 'prefs': True, 'name': 'Fanart.tv'}, {'media_types': ['Album'], 'primary_provider': False, 'fallback_agent': None, 'contributes_to': ['com.plexapp.agents.lastfm'], 'has_attribution': True, 'languages': ['xn'], 'persist_stored_files': True, 'version': 0, 'accepts_from': None, 'prefs': True, 'name': 'Fanart.tv'}], 'com.plexapp.agents.none': [{'media_types': ['Movie'], 'primary_provider': True, 'fallback_agent': None, 'contributes_to': None, 'has_attribution': False, 'languages': ['xn'], 'persist_stored_files': True, 'version': 0, 'accepts_from': None, 'prefs': False, 'name': 'Personal Media'}, {'media_types': ['TV_Show'], 'primary_provider': True, 'fallback_agent': None, 'contributes_to': None, 'has_attribution': False, 'languages': ['xn'], 'persist_stored_files': True, 'version': 0, 'accepts_from': None, 'prefs': False, 'name': 'Personal Media Shows'}, {'media_types': ['Artist'], 'primary_provider': True, 'fallback_agent': None, 'contributes_to': None, 'has_attribution': False, 'languages': ['xn'], 'persist_stored_files': True, 'version': 0, 'accepts_from': None, 'prefs': False, 'name': 'Personal Media Artists'}, {'media_types': ['Album'], 'primary_provider': True, 'fallback_agent': None, 'contributes_to': None, 'has_attribution': False, 'languages': ['xn'], 'persist_stored_files': True, 'version': 0, 'accepts_from': None, 'prefs': False, 'name': 'Personal Media Albums'}, {'media_types': ['Photo'], 'primary_provider': True, 'fallback_agent': None, 'contributes_to': None, 'has_attribution': False, 'languages': ['en', 'ar', 'bg', 'ca', 'cs', 'cy', 'da', 'de', 'el', 'es', 'et', 'fa', 'fi', 'fr', 'he', 'hi', 'hr', 'ht', 'hu', 'id', 'it', 'ja', 'ko', 'lt', 'lv', 'ms', 'mt', 'nl', 'no', 'pl', 'pt', 'ro', 'ru', 'sk', 'sv', 'sl', 'sr', 'th', 'tr', 'uk', 'ur', 'vi', 'zh', 'xn'], 'persist_stored_files': True, 'version': 0, 'accepts_from': None, 'prefs': False, 'name': 'Photos'}], 'com.plexapp.agents.plexmusic': [{'media_types': ['Artist'], 'primary_provider': True, 'fallback_agent': None, 'contributes_to': ['com.plexapp.agents.localmedia'], 'has_attribution': True, 'languages': ['en', 'ar', 'bg', 'zh', 'hr', 'cs', 'da', 'nl', 'fi', 'fr', 'de', 'el', 'hu', 'id', 'it', 'ja', 'ko', 'nn', 'pl', 'pt', 'ro', 'ru', 'sr', 'sk', 'es', 'sv', 'th', 'tr', 'vi'], 'persist_stored_files': True, 'version': 0, 'accepts_from': None, 'prefs': True, 'name': 'Plex Premium Music'}, {'media_types': ['Album'], 'primary_provider': True, 'fallback_agent': None, 'contributes_to': ['com.plexapp.agents.localmedia'], 'has_attribution': True, 'languages': ['en', 'ar', 'bg', 'zh', 'hr', 'cs', 'da', 'nl', 'fi', 'fr', 'de', 'el', 'hu', 'id', 'it', 'ja', 'ko', 'nn', 'pl', 'pt', 'ro', 'ru', 'sr', 'sk', 'es', 'sv', 'th', 'tr', 'vi'], 'persist_stored_files': True, 'version': 0, 'accepts_from': None, 'prefs': True, 'name': 'Plex Premium Music'}], 'com.plexapp.agents.opensubtitles': [{'media_types': ['Movie'], 'primary_provider': False, 'fallback_agent': None, 'contributes_to': ['com.plexapp.agents.imdb'], 'has_attribution': False, 'languages': ['xn'], 'persist_stored_files': True, 'version': 0, 'accepts_from': None, 'prefs': True, 'name': 'OpenSubtitles.org'}, {'media_types': ['TV_Show'], 'primary_provider': False, 'fallback_agent': None, 'contributes_to': ['com.plexapp.agents.thetvdb'], 'has_attribution': False, 'languages': ['xn'], 'persist_stored_files': True, 'version': 0, 'accepts_from': None, 'prefs': True, 'name': 'OpenSubtitles.org'}], 'com.plexapp.agents.imdb': [{'media_types': ['Movie'], 'accepts_from': ['com.plexapp.agents.localmedia'], 'fallback_agent': None, 'contributes_to': ['com.plexapp.agents.themoviedb'], 'has_attribution': True, 'languages': ['en', 'sv', 'fr', 'es', 'nl', 'de', 'it', 'da', 'ar', 'ca', 'zh', 'cs', 'et', 'fi', 'el', 'he', 'hi', 'hu', 'id', 'ja', 'ko', 'lv', 'no', 'fa', 'pl', 'pt', 'ro', 'ru', 'sk', 'th', 'tr', 'uk', 'vi'], 'persist_stored_files': True, 'version': 0, 'primary_provider': True, 'prefs': True, 'name': 'Plex Movie'}], 'com.plexapp.agents.lyricfind': [{'media_types': ['Album'], 'primary_provider': False, 'fallback_agent': None, 'contributes_to': ['com.plexapp.agents.plexmusic', 'com.plexapp.agents.localmedia', 'com.plexapp.agents.lastfm'], 'has_attribution': True, 'languages': ['xn'], 'persist_stored_files': True, 'version': 0, 'accepts_from': None, 'prefs': False, 'name': 'LyricFind'}], 'com.plexapp.agents.thetvdb': [{'media_types': ['TV_Show'], 'primary_provider': True, 'fallback_agent': None, 'contributes_to': None, 'has_attribution': True, 'languages': ['en', 'fr', 'zh', 'sv', 'no', 'da', 'fi', 'nl', 'de', 'it', 'es', 'pl', 'hu', 'el', 'tr', 'ru', 'he', 'ja', 'pt', 'cs', 'ko', 'sl', 'hr'], 'persist_stored_files': True, 'version': 0, 'accepts_from': None, 'prefs': True, 'name': 'TheTVDB'}], 'com.plexapp.agents.localmedia': [{'media_types': ['Movie'], 'primary_provider': False, 'fallback_agent': None, 'contributes_to': ['com.plexapp.agents.imdb', 'com.plexapp.agents.none'], 'has_attribution': False, 'languages': ['xn'], 'persist_stored_files': False, 'version': 0, 'accepts_from': None, 'prefs': True, 'name': 'Local Media Assets (Movies)'}, {'media_types': ['TV_Show'], 'primary_provider': False, 'fallback_agent': None, 'contributes_to': ['com.plexapp.agents.thetvdb', 'com.plexapp.agents.none'], 'has_attribution': False, 'languages': ['xn'], 'persist_stored_files': False, 'version': 0, 'accepts_from': None, 'prefs': True, 'name': 'Local Media Assets (TV)'}, {'media_types': ['Artist'], 'primary_provider': False, 'fallback_agent': None, 'contributes_to': ['com.plexapp.agents.discogs', 'com.plexapp.agents.lastfm', 'com.plexapp.agents.plexmusic', 'com.plexapp.agents.none'], 'has_attribution': False, 'languages': ['xn'], 'persist_stored_files': False, 'version': 0, 'accepts_from': None, 'prefs': True, 'name': 'Local Media Assets (Artists)'}, {'media_types': ['Artist'], 'primary_provider': False, 'fallback_agent': None, 'contributes_to': ['com.plexapp.agents.plexmusic'], 'has_attribution': False, 'languages': ['xn'], 'persist_stored_files': False, 'version': 2, 'accepts_from': None, 'prefs': True, 'name': 'Local Media Assets (Artists)'}, {'media_types': ['Album'], 'primary_provider': False, 'fallback_agent': None, 'contributes_to': ['com.plexapp.agents.discogs', 'com.plexapp.agents.lastfm', 'com.plexapp.agents.plexmusic', 'com.plexapp.agents.none'], 'has_attribution': False, 'languages': ['xn'], 'persist_stored_files': False, 'version': 0, 'accepts_from': None, 'prefs': True, 'name': 'Local Media Assets (Albums)'}], 'com.plexapp.agents.plexthememusic': [{'media_types': ['TV_Show'], 'primary_provider': False, 'fallback_agent': None, 'contributes_to': ['com.plexapp.agents.thetvdb', 'com.plexapp.agents.thetvdbdvdorder', 'com.plexapp.agents.themoviedb'], 'has_attribution': False, 'languages': ['xn'], 'persist_stored_files': True, 'version': 0, 'accepts_from': None, 'prefs': False, 'name': 'Plex Theme Music'}], 'com.plexapp.agents.themoviedb': [{'media_types': ['Movie'], 'primary_provider': True, 'fallback_agent': None, 'contributes_to': None, 'has_attribution': True, 'languages': ['en', 'cs', 'da', 'de', 'el', 'es', 'fi', 'fr', 'he', 'hr', 'hu', 'it', 'lv', 'lt', 'nl', 'no', 'pl', 'pt', 'ru', 'sk', 'sv', 'th', 'tr', 'vi', 'zh', 'ko'], 'persist_stored_files': True, 'version': 0, 'accepts_from': ['com.plexapp.agents.localmedia'], 'prefs': True, 'name': 'The Movie Database'}, {'media_types': ['TV_Show'], 'primary_provider': True, 'fallback_agent': None, 'contributes_to': ['com.plexapp.agents.thetvdb'], 'has_attribution': True, 'languages': ['en', 'cs', 'da', 'de', 'el', 'es', 'fi', 'fr', 'he', 'hr', 'hu', 'it', 'lv', 'lt', 'nl', 'no', 'pl', 'pt', 'ru', 'sk', 'sv', 'th', 'tr', 'vi', 'zh', 'ko'], 'persist_stored_files': True, 'version': 0, 'accepts_from': ['com.plexapp.agents.localmedia', 'com.plexapp.agents.thetvdb'], 'prefs': True, 'name': 'The Movie Database'}], 'com.plexapp.agents.movieposterdb': [{'media_types': ['Movie'], 'primary_provider': False, 'fallback_agent': None, 'contributes_to': ['com.plexapp.agents.imdb'], 'has_attribution': True, 'languages': ['xn'], 'persist_stored_files': True, 'version': 0, 'accepts_from': None, 'prefs': False, 'name': 'CineMaterial'}], 'com.plexapp.agents.htbackdrops': [{'media_types': ['Artist'], 'primary_provider': False, 'fallback_agent': None, 'contributes_to': ['com.plexapp.agents.lastfm'], 'has_attribution': True, 'languages': ['ab', 'aa', 'af', 'ak', 'sq', 'am', 'ar', 'an', 'hy', 'as', 'av', 'ae', 'ay', 'az', 'bm', 'ba', 'eu', 'be', 'bn', 'bh', 'bi', 'bs', 'pb', 'br', 'bg', 'my', 'ca', 'ch', 'ce', 'ny', 'zh', 'cu', 'cv', 'kw', 'co', 'cr', 'hr', 'cs', 'da', 'dv', 'nl', 'dz', 'en', 'eo', 'et', 'ee', 'fo', 'fj', 'fi', 'fr', 'fy', 'ff', 'gd', 'gl', 'lg', 'ka', 'de', 'el', 'gn', 'gu', 'ht', 'ha', 'he', 'hz', 'hi', 'ho', 'hu', 'is', 'io', 'ig', 'id', 'ia', 'ie', 'iu', 'ik', 'ga', 'it', 'ja', 'jv', 'kl', 'kn', 'kr', 'ks', 'kk', 'km', 'ki', 'rw', 'ky', 'kv', 'kg', 'ko', 'kj', 'ku', 'lo', 'la', 'lv', 'li', 'ln', 'lt', 'lu', 'lb', 'mk', 'mg', 'ms', 'ml', 'mt', 'gv', 'mi', 'mr', 'mh', 'mo', 'mn', 'na', 'nv', 'ng', 'ne', 'xn', 'nd', 'no', 'nb', 'nn', 'oc', 'oj', 'or', 'om', 'os', 'pi', 'pa', 'fa', 'pl', 'pt', 'ps', 'qu', 'rm', 'ro', 'rn', 'ru', 'se', 'sm', 'sg', 'sa', 'sc', 'sr', 'sn', 'ii', 'sd', 'si', 'sk', 'sl', 'so', 'st', 'nr', 'es', 'su', 'sw', 'ss', 'sv', 'tl', 'ty', 'tg', 'ta', 'tt', 'te', 'th', 'bo', 'ti', 'to', 'ts', 'tn', 'tr', 'tk', 'tw', 'ug', 'uk', 'ur', 'uz', 've', 'vi', 'vo', 'wa', 'cy', 'wo', 'xh', 'yi', 'yo', 'za', 'zu'], 'persist_stored_files': True, 'version': 0, 'accepts_from': None, 'prefs': False, 'name': 'Home Theater Backdrops'}], 'com.plexapp.agents.lastfm': [{'media_types': ['Artist'], 'primary_provider': True, 'fallback_agent': None, 'contributes_to': None, 'has_attribution': True, 'languages': ['en', 'sv', 'fr', 'es', 'de', 'pl', 'it', 'pt', 'ja', 'tr', 'ru', 'zh'], 'persist_stored_files': True, 'version': 0, 'accepts_from': None, 'prefs': True, 'name': 'Last.fm'}, {'media_types': ['Album'], 'primary_provider': True, 'fallback_agent': None, 'contributes_to': None, 'has_attribution': True, 'languages': ['en', 'sv', 'fr', 'es', 'de', 'pl', 'it', 'pt', 'ja', 'tr', 'ru', 'zh'], 'persist_stored_files': True, 'version': 0, 'accepts_from': None, 'prefs': True, 'name': 'Last.fm'}]}
2024-01-17 13:54:10,921 (31eff460) :  INFO (datakit:131) - Saved the dictionary file
2024-01-17 13:54:11,018 (300ff460) :  DEBUG (runtime:814) - Found route matching /system/agents
2024-01-17 13:54:11,049 (300ff460) :  DEBUG (runtime:924) - Response: [200] MediaContainer, 9036 bytes
2024-01-17 13:54:11,221 (300ff460) :  DEBUG (runtime:717) - Handling request GET /:/plugins/com.plexapp.system/messaging/function/X0J1bmRsZVNlcnZpY2U6QWxsU2VydmljZXM_/Y2VyZWFsMQoxCmxpc3QKMApyMAo_/Y2VyZWFsMQoxCmRpY3QKMApyMAo_
2024-01-17 13:54:11,285 (33cff460) :  DEBUG (peerservice:171) - Refreshing local server
2024-01-17 13:54:11,287 (350ff460) :  DEBUG (core:521) - Attribute 'machineIdentifier' set to 'a08675478bee93f590cc67146fe0b3ee6f493f1f'
2024-01-17 13:54:11,287 (37dff460) :  DEBUG (core:538) - Machine identifier is a08675478bee93f590cc67146fe0b3ee6f493f1f
2024-01-17 13:54:11,293 (33cff460) :  DEBUG (peerservice:189) - Updating servers (True/False True/True/True)
2024-01-17 13:54:11,305 (350ff460) :  DEBUG (networking:166) - Requesting 'http://127.0.0.1:32400'
2024-01-17 13:54:11,305 (37dff460) :  DEBUG (core:539) - Server version is 1.14.1.5488-cc260c476
2024-01-17 13:54:11,307 (33cff460) :  DEBUG (peerservice:198) - Found 1 servers
2024-01-17 13:54:11,317 (300ff460) :  DEBUG (runtime:814) - Found route matching /:/plugins/com.plexapp.system/messaging/function/X0J1bmRsZVNlcnZpY2U6QWxsU2VydmljZXM_/Y2VyZWFsMQoxCmxpc3QKMApyMAo_/Y2VyZWFsMQoxCmRpY3QKMApyMAo_
2024-01-17 13:54:11,319 (33cff460) :  DEBUG (peerservice:230) - Creating new server 6c9be9c0601d (a08675478bee93f590cc67146fe0b3ee6f493f1f)
2024-01-17 13:54:11,323 (300ff460) :  DEBUG (runtime:924) - Response: [200] str, 516 bytes
2024-01-17 13:54:11,327 (33cff460) :  DEBUG (networking:166) - Requesting 'http://127.0.0.1:32400/library/sections'
2024-01-17 13:54:11,336 (391ff460) :  DEBUG (services:362) - Loaded services
2024-01-17 13:54:11,349 (350ff460) :  DEBUG (core:521) - Attribute 'platformVersion' set to '6.5.11-linuxkit (#1 SMP PREEMPT Wed Dec  6 17:08:31 UTC 2023)'
2024-01-17 13:54:11,350 (387ff460) :  DEBUG (services:438) - No shared code to load
2024-01-17 13:54:11,355 (350ff460) :  DEBUG (networking:166) - Requesting 'https://plugins.plex.tv/apps/all.json?frameworkVersion=2.6.3&machineIdentifier=a08675478bee93f590cc67146fe0b3ee6f493f1f&os=Linux&osVersion=6.5.11-linuxkit%20%28%231%20SMP%20PREEMPT%20Wed%20Dec%20%206%2017%3A08%3A31%20UTC%202023%29&cpu=armv5tel&serverVersion=1.14.1.5488-cc260c476&systemRevision=cc260c4'
2024-01-17 13:54:11,358 (33cff460) :  DEBUG (networking:166) - Requesting 'http://127.0.0.1:32400/channels/all'
2024-01-17 13:54:11,370 (387ff460) :  DEBUG (peerservice:176) - Background-refreshing remote servers
2024-01-17 13:54:11,370 (33cff460) :  DEBUG (runtime:1117) - Created a thread named 'background_refresh'
2024-01-17 13:54:11,371 (387ff460) :  DEBUG (peerservice:189) - Updating servers (False/True True/True/True)
2024-01-17 13:54:11,372 (387ff460) :  DEBUG (peerservice:198) - Found 1 servers
2024-01-17 13:54:11,471 (350ff460) :  INFO (storeservice:509) - Failed to fetch Plex Online data - the store probably won't work
2024-01-17 13:54:11,475 (350ff460) :  CRITICAL (storeservice:510) - Error info (most recent call last):
  File "/usr/lib/plexmediaserver/Resources/Plug-ins-cc260c476/System.bundle/Contents/Code/storeservice.py", line 469, in update
    log_msg = "Updated information for plug-in '%s' (class: %s) to a beta version"
  File "/usr/lib/plexmediaserver/Resources/Plug-ins-cc260c476/Framework.bundle/Contents/Resources/Versions/2/Python/Framework/api/parsekit.py", line 145, in ObjectFromURL
    method=method,
  File "/usr/lib/plexmediaserver/Resources/Plug-ins-cc260c476/Framework.bundle/Contents/Resources/Versions/2/Python/Framework/api/networkkit.py", line 67, in _http_request
    req = self._core.networking.http_request(url, *args, **kwargs)
  File "/usr/lib/plexmediaserver/Resources/Plug-ins-cc260c476/Framework.bundle/Contents/Resources/Versions/2/Python/Framework/components/networking.py", line 370, in http_request
    return HTTPRequest(self._core, url, data, h, url_cache, encoding, errors, timeout, immediate, sleep, opener, follow_redirects, method)
  File "/usr/lib/plexmediaserver/Resources/Plug-ins-cc260c476/Framework.bundle/Contents/Resources/Versions/2/Python/Framework/components/networking.py", line 141, in __init__
    self.load()
  File "/usr/lib/plexmediaserver/Resources/Plug-ins-cc260c476/Framework.bundle/Contents/Resources/Versions/2/Python/Framework/components/networking.py", line 181, in load
    f = self._opener.open(req, timeout=self._timeout)
  File "/usr/lib/plexmediaserver/Resources/Plug-ins-cc260c476/Framework.bundle/Contents/Resources/Platforms/Shared/Libraries/urllib2_new.py", line 438, in open
    response = self._open(req, data)
  File "/usr/lib/plexmediaserver/Resources/Plug-ins-cc260c476/Framework.bundle/Contents/Resources/Platforms/Shared/Libraries/urllib2_new.py", line 456, in _open
    '_open', req)
  File "/usr/lib/plexmediaserver/Resources/Plug-ins-cc260c476/Framework.bundle/Contents/Resources/Platforms/Shared/Libraries/urllib2_new.py", line 416, in _call_chain
    result = func(*args)
  File "/usr/lib/plexmediaserver/Resources/Plug-ins-cc260c476/Framework.bundle/Contents/Resources/Platforms/Shared/Libraries/urllib2_new.py", line 1225, in https_open
    return self.do_open(httplib.HTTPSConnection, req)
  File "/usr/lib/plexmediaserver/Resources/Plug-ins-cc260c476/Framework.bundle/Contents/Resources/Platforms/Shared/Libraries/urllib2_new.py", line 1192, in do_open
    raise URLError(err)
URLError: <urlopen error [SSL: SSLV3_ALERT_HANDSHAKE_FAILURE] sslv3 alert handshake failure (_ssl.c:590)>

2024-01-17 13:54:11,476 (350ff460) :  INFO (storeservice:334) - Starting automatic update thread
2024-01-17 13:54:11,479 (350ff460) :  DEBUG (runtime:1150) - Scheduled a timed thread named 'auto_update_thread'
2024-01-17 13:54:11,480 (350ff460) :  DEBUG (storeservice:328) - Started the store service
2024-01-17 13:54:13,614 (350ff460) :  DEBUG (runtime:717) - Handling request GET /system/messaging/clear_events/com.plexapp.agents.imdb
2024-01-17 13:54:13,617 (350ff460) :  DEBUG (runtime:814) - Found route matching /system/messaging/clear_events/com.plexapp.agents.imdb
2024-01-17 13:54:13,619 (350ff460) :  DEBUG (runtime:924) - Response: [200] str, 0 bytes
2024-01-17 13:54:14,073 (350ff460) :  DEBUG (runtime:717) - Handling request GET /:/plugins/com.plexapp.system/resourceHashes
2024-01-17 13:54:14,075 (350ff460) :  DEBUG (runtime:814) - Found route matching /:/plugins/com.plexapp.system/resourceHashes
2024-01-17 13:54:14,077 (350ff460) :  DEBUG (networking:166) - Requesting 'http://resources-cdn.plexapp.com/hashes.json'
2024-01-17 13:54:14,202 (350ff460) :  ERROR (networking:219) - Error opening URL 'http://resources-cdn.plexapp.com/hashes.json'
2024-01-17 13:54:14,205 (350ff460) :  CRITICAL (runtime:1299) - Exception getting hosted resource hashes (most recent call last):
  File "/usr/lib/plexmediaserver/Resources/Plug-ins-cc260c476/Framework.bundle/Contents/Resources/Versions/2/Python/Framework/components/runtime.py", line 1291, in get_resource_hashes
    json = self._core.networking.http_request("http://resources-cdn.plexapp.com/hashes.json", timeout=5).content
  File "/usr/lib/plexmediaserver/Resources/Plug-ins-cc260c476/Framework.bundle/Contents/Resources/Versions/2/Python/Framework/components/networking.py", line 265, in content
    return self.__str__()
  File "/usr/lib/plexmediaserver/Resources/Plug-ins-cc260c476/Framework.bundle/Contents/Resources/Versions/2/Python/Framework/components/networking.py", line 243, in __str__
    self.load()
  File "/usr/lib/plexmediaserver/Resources/Plug-ins-cc260c476/Framework.bundle/Contents/Resources/Versions/2/Python/Framework/components/networking.py", line 181, in load
    f = self._opener.open(req, timeout=self._timeout)
  File "/usr/lib/plexmediaserver/Resources/Plug-ins-cc260c476/Framework.bundle/Contents/Resources/Platforms/Shared/Libraries/urllib2_new.py", line 444, in open
    response = meth(req, response)
  File "/usr/lib/plexmediaserver/Resources/Plug-ins-cc260c476/Framework.bundle/Contents/Resources/Platforms/Shared/Libraries/urllib2_new.py", line 557, in http_response
    'http', request, response, code, msg, hdrs)
  File "/usr/lib/plexmediaserver/Resources/Plug-ins-cc260c476/Framework.bundle/Contents/Resources/Platforms/Shared/Libraries/urllib2_new.py", line 482, in error
    return self._call_chain(*args)
  File "/usr/lib/plexmediaserver/Resources/Plug-ins-cc260c476/Framework.bundle/Contents/Resources/Platforms/Shared/Libraries/urllib2_new.py", line 416, in _call_chain
    result = func(*args)
  File "/usr/lib/plexmediaserver/Resources/Plug-ins-cc260c476/Framework.bundle/Contents/Resources/Platforms/Shared/Libraries/urllib2_new.py", line 565, in http_error_default
    raise HTTPError(req.get_full_url(), code, msg, hdrs, fp)
HTTPError: HTTP Error 404: Not Found

2024-01-17 13:54:14,207 (350ff460) :  DEBUG (runtime:924) - Response: [404] NoneType, 0 bytes
2024-01-17 13:54:14,259 (350ff460) :  DEBUG (runtime:717) - Handling request GET /:/plugins/com.plexapp.system/messaging/function/X0J1bmRsZVNlcnZpY2U6QWxsU2VydmljZXM_/Y2VyZWFsMQoxCmxpc3QKMApyMAo_/Y2VyZWFsMQoxCmRpY3QKMApyMAo_
2024-01-17 13:54:14,262 (350ff460) :  DEBUG (runtime:814) - Found route matching /:/plugins/com.plexapp.system/messaging/function/X0J1bmRsZVNlcnZpY2U6QWxsU2VydmljZXM_/Y2VyZWFsMQoxCmxpc3QKMApyMAo_/Y2VyZWFsMQoxCmRpY3QKMApyMAo_
2024-01-17 13:54:14,267 (350ff460) :  DEBUG (runtime:924) - Response: [200] str, 516 bytes
2024-01-17 13:54:15,876 (350ff460) :  DEBUG (runtime:717) - Handling request GET /system/notify/serverUpdated?host=127.0.0.1
2024-01-17 13:54:15,880 (350ff460) :  DEBUG (runtime:814) - Found route matching /system/notify/serverUpdated
2024-01-17 13:54:15,882 (350ff460) :  DEBUG (peerservice:386) - Handling server update notification (127.0.0.1)
2024-01-17 13:54:15,882 (346ff460) :  INFO (datakit:131) - Saved the dictionary file
2024-01-17 13:54:15,883 (350ff460) :  DEBUG (peerservice:189) - Updating servers (False/False True/True/True)
2024-01-17 13:54:15,884 (350ff460) :  DEBUG (peerservice:164) - Fetching the current list of servers
2024-01-17 13:54:15,886 (350ff460) :  DEBUG (networking:166) - Requesting 'http://127.0.0.1:32400/servers'
2024-01-17 13:54:15,895 (350ff460) :  DEBUG (peerservice:198) - Found 1 servers
2024-01-17 13:54:15,896 (350ff460) :  DEBUG (peerservice:214) - Ignoring a08675478bee93f590cc67146fe0b3ee6f493f1f because host != 127.0.0.1 (172.21.0.6)
2024-01-17 13:54:15,897 (350ff460) :  DEBUG (networking:166) - Requesting 'http://127.0.0.1:32400/library/sections'
2024-01-17 13:54:15,908 (350ff460) :  DEBUG (networking:166) - Requesting 'http://127.0.0.1:32400/channels/all'
2024-01-17 13:54:15,922 (350ff460) :  DEBUG (runtime:924) - Response: [200] str, 0 bytes
2024-01-17 13:54:16,517 (31eff460) :  DEBUG (runtime:717) - Handling request GET /:/plugins/com.plexapp.system/messaging/function/X0FnZW50U2VydmljZTpVcGRhdGVJbmZv/Y2VyZWFsMQoxCmxpc3QKMApyMAo_/Y2VyZWFsMQo3CmRpY3QKbGlzdApkaWN0Cmxpc3QKbGlzdApsaXN0Cmxpc3QKMgpzMjMKY29tLnBsZXhhcHAuYWdlbnRzLmltZGJzMTAKaWRlbnRpZmllcnIxCnMxMAphZ2VudF9pbmZvMQpyMgoxMApyMwpzMTEKbWVkaWFfdHlwZXNyNApzMTIKYWNjZXB0c19mcm9tbnMxNApmYWxsYmFja19hZ2VudHI1CnMxNApjb250cmlidXRlc190b3I2CnM5Cmxhbmd1YWdlc2IxczIwCnBlcnNpc3Rfc3RvcmVkX2ZpbGVzaTAKczcKdmVyc2lvbmIxczE2CnByaW1hcnlfcHJvdmlkZXJiMXM1CnByZWZzczEwClBsZXggTW92aWVzNApuYW1lMQpzNQpNb3ZpZTEKczI5CmNvbS5wbGV4YXBwLmFnZW50cy5sb2NhbG1lZGlhMQpzMjkKY29tLnBsZXhhcHAuYWdlbnRzLnRoZW1vdmllZGIzMwpzMgplbnMyCnN2czIKZnJzMgplc3MyCm5sczIKZGVzMgppdHMyCmRhczIKYXJzMgpjYXMyCnpoczIKY3NzMgpldHMyCmZpczIKZWxzMgpoZXMyCmhpczIKaHVzMgppZHMyCmphczIKa29zMgpsdnMyCm5vczIKZmFzMgpwbHMyCnB0czIKcm9zMgpydXMyCnNrczIKdGhzMgp0cnMyCnVrczIKdmlyMAo_
2024-01-17 13:54:16,520 (31eff460) :  DEBUG (runtime:814) - Found route matching /:/plugins/com.plexapp.system/messaging/function/X0FnZW50U2VydmljZTpVcGRhdGVJbmZv/Y2VyZWFsMQoxCmxpc3QKMApyMAo_/Y2VyZWFsMQo3CmRpY3QKbGlzdApkaWN0Cmxpc3QKbGlzdApsaXN0Cmxpc3QKMgpzMjMKY29tLnBsZXhhcHAuYWdlbnRzLmltZGJzMTAKaWRlbnRpZmllcnIxCnMxMAphZ2VudF9pbmZvMQpyMgoxMApyMwpzMTEKbWVkaWFfdHlwZXNyNApzMTIKYWNjZXB0c19mcm9tbnMxNApmYWxsYmFja19hZ2VudHI1CnMxNApjb250cmlidXRlc190b3I2CnM5Cmxhbmd1YWdlc2IxczIwCnBlcnNpc3Rfc3RvcmVkX2ZpbGVzaTAKczcKdmVyc2lvbmIxczE2CnByaW1hcnlfcHJvdmlkZXJiMXM1CnByZWZzczEwClBsZXggTW92aWVzNApuYW1lMQpzNQpNb3ZpZTEKczI5CmNvbS5wbGV4YXBwLmFnZW50cy5sb2NhbG1lZGlhMQpzMjkKY29tLnBsZXhhcHAuYWdlbnRzLnRoZW1vdmllZGIzMwpzMgplbnMyCnN2czIKZnJzMgplc3MyCm5sczIKZGVzMgppdHMyCmRhczIKYXJzMgpjYXMyCnpoczIKY3NzMgpldHMyCmZpczIKZWxzMgpoZXMyCmhpczIKaHVzMgppZHMyCmphczIKa29zMgpsdnMyCm5vczIKZmFzMgpwbHMyCnB0czIKcm9zMgpydXMyCnNrczIKdGhzMgp0cnMyCnVrczIKdmlyMAo_
2024-01-17 13:54:16,522 (31eff460) :  INFO (agentservice:167) - Receiving agent info from com.plexapp.agents.imdb: [{'media_types': ['Movie'], 'primary_provider': True, 'fallback_agent': None, 'contributes_to': ['com.plexapp.agents.themoviedb'], 'languages': ['en', 'sv', 'fr', 'es', 'nl', 'de', 'it', 'da', 'ar', 'ca', 'zh', 'cs', 'et', 'fi', 'el', 'he', 'hi', 'hu', 'id', 'ja', 'ko', 'lv', 'no', 'fa', 'pl', 'pt', 'ro', 'ru', 'sk', 'th', 'tr', 'uk', 'vi'], 'persist_stored_files': True, 'version': 0, 'accepts_from': ['com.plexapp.agents.localmedia'], 'prefs': True, 'name': 'Plex Movie'}]
2024-01-17 13:54:16,528 (31eff460) :  DEBUG (runtime:924) - Response: [200] str, 16 bytes
2024-01-17 13:54:21,589 (350ff460) :  INFO (datakit:131) - Saved the dictionary file
